<?xml version="1.0" encoding="UTF-8"?>
<!-- Generated by org.testng.reporters.JUnitReportReporter -->
<testsuite hostname="DESKTOP-DEE9V3N" failures="0" tests="1" name="testRunners.ParallelRunTest" time="24.876" errors="0" timestamp="2024-03-25T10:57:43 IST" skipped="0">
  <testcase classname="testRunners.ParallelRunTest" name="runScenario" time="24.876"/>
</testsuite> <!-- testRunners.ParallelRunTest -->
